#
# There is insufficient memory for the Java Runtime Environment to continue.
# Native memory allocation (malloc) failed to allocate 751456 bytes for Chunk::new
# Possible reasons:
#   The system is out of physical RAM or swap space
#   In 32 bit mode, the process size limit was hit
# Possible solutions:
#   Reduce memory load on the system
#   Increase physical memory or swap space
#   Check if swap backing store is full
#   Use 64 bit Java on a 64 bit OS
#   Decrease Java heap size (-Xmx/-Xms)
#   Decrease number of Java threads
#   Decrease Java thread stack sizes (-Xss)
#   Set larger code cache with -XX:ReservedCodeCacheSize=
# This output file may be truncated or incomplete.
#
#  Out of Memory Error (allocation.cpp:323), pid=720, tid=9168
#
# JRE version: Java(TM) SE Runtime Environment (7.0_45-b18) (build 1.7.0_45-b18)
# Java VM: Java HotSpot(TM) 64-Bit Server VM (24.45-b08 mixed mode windows-amd64 compressed oops)
# Failed to write core dump. Minidumps are not enabled by default on client versions of Windows
#

---------------  T H R E A D  ---------------

Current thread (0x00000000083c4800):  JavaThread "C2 CompilerThread0" daemon [_thread_in_native, id=9168, stack(0x0000000009930000,0x0000000009a30000)]

Stack: [0x0000000009930000,0x0000000009a30000]

Current CompileTask:
C2:   2390  212             com.android.dx.ssa.SCCP::simulatePhi (169 bytes)


---------------  P R O C E S S  ---------------

Java Threads: ( => current thread )
  0x0000000009e76800 JavaThread "pool-1-thread-4" [_thread_in_Java, id=4592, stack(0x000000000a530000,0x000000000a630000)]
  0x0000000009f1e000 JavaThread "pool-1-thread-3" [_thread_in_Java, id=5832, stack(0x000000000a430000,0x000000000a530000)]
  0x0000000009f1d000 JavaThread "pool-1-thread-2" [_thread_in_Java, id=1204, stack(0x000000000a330000,0x000000000a430000)]
  0x0000000009e7c000 JavaThread "pool-2-thread-1" [_thread_blocked, id=6052, stack(0x000000000a230000,0x000000000a330000)]
  0x0000000009e72000 JavaThread "pool-1-thread-1" [_thread_in_Java, id=2808, stack(0x000000000a130000,0x000000000a230000)]
  0x00000000083da000 JavaThread "Service Thread" daemon [_thread_blocked, id=4240, stack(0x0000000009b30000,0x0000000009c30000)]
  0x00000000083c6000 JavaThread "C2 CompilerThread1" daemon [_thread_in_native, id=7732, stack(0x0000000009a30000,0x0000000009b30000)]
=>0x00000000083c4800 JavaThread "C2 CompilerThread0" daemon [_thread_in_native, id=9168, stack(0x0000000009930000,0x0000000009a30000)]
  0x00000000083c3800 JavaThread "Attach Listener" daemon [_thread_blocked, id=5904, stack(0x0000000009830000,0x0000000009930000)]
  0x00000000083c0800 JavaThread "Signal Dispatcher" daemon [_thread_blocked, id=5940, stack(0x0000000009730000,0x0000000009830000)]
  0x000000000838b000 JavaThread "Finalizer" daemon [_thread_blocked, id=2028, stack(0x0000000009630000,0x0000000009730000)]
  0x0000000008385800 JavaThread "Reference Handler" daemon [_thread_blocked, id=9056, stack(0x0000000009530000,0x0000000009630000)]
  0x000000000222e000 JavaThread "main" [_thread_in_Java, id=6240, stack(0x0000000002330000,0x0000000002430000)]

Other Threads:
  0x0000000008383000 VMThread [stack: 0x0000000009430000,0x0000000009530000] [id=6064]
  0x00000000083e4800 WatcherThread [stack: 0x0000000009c30000,0x0000000009d30000] [id=6512]

VM state:not at safepoint (normal execution)

VM Mutex/Monitor currently owned by a thread: None

Heap
 PSYoungGen      total 19456K, used 15352K [0x00000000eaa80000, 0x00000000ec000000, 0x0000000100000000)
  eden space 16896K, 75% used [0x00000000eaa80000,0x00000000eb700568,0x00000000ebb00000)
  from space 2560K, 99% used [0x00000000ebb00000,0x00000000ebd7dc78,0x00000000ebd80000)
  to   space 2560K, 0% used [0x00000000ebd80000,0x00000000ebd80000,0x00000000ec000000)
 ParOldGen       total 43520K, used 1893K [0x00000000c0000000, 0x00000000c2a80000, 0x00000000eaa80000)
  object space 43520K, 4% used [0x00000000c0000000,0x00000000c01d95e0,0x00000000c2a80000)
 PSPermGen       total 21504K, used 5681K [0x00000000bae00000, 0x00000000bc300000, 0x00000000c0000000)
  object space 21504K, 26% used [0x00000000bae00000,0x00000000bb38c410,0x00000000bc300000)

Card table byte_map: [0x00000000055f0000,0x0000000005820000] byte_map_base: 0x0000000005019000

Polling page: 0x0000000002180000

Code Cache  [0x0000000002530000, 0x00000000027a0000, 0x0000000005530000)
 total_blobs=447 nmethods=210 adapters=189 free_code_cache=48330Kb largest_free_block=49470656

Compilation events (10 events):
Event: 2.304 Thread 0x00000000083c4800 nmethod 206 0x0000000002600790 code [0x00000000026008e0, 0x00000000026009d8]
Event: 2.304 Thread 0x00000000083c4800  207             com.android.dx.rop.code.PlainInsn::<init> (73 bytes)
Event: 2.306 Thread 0x00000000083c4800 nmethod 207 0x0000000002601f50 code [0x00000000026020a0, 0x00000000026021d8]
Event: 2.306 Thread 0x00000000083c4800  209             com.android.dx.util.IntList::indexOf (16 bytes)
Event: 2.309 Thread 0x00000000083c4800 nmethod 209 0x0000000002601a90 code [0x0000000002601be0, 0x0000000002601d98]
Event: 2.309 Thread 0x00000000083c4800  210             java.util.HashMap::<init> (9 bytes)
Event: 2.311 Thread 0x00000000083c4800 nmethod 210 0x00000000026017d0 code [0x0000000002601920, 0x00000000026019d8]
Event: 2.311 Thread 0x00000000083c4800  211   !         com.android.dx.util.IntList::set (53 bytes)
Event: 2.312 Thread 0x00000000083c4800 nmethod 211 0x0000000002601490 code [0x00000000026015e0, 0x00000000026016b8]
Event: 2.312 Thread 0x00000000083c4800  212             com.android.dx.ssa.SCCP::simulatePhi (169 bytes)

GC Heap History (2 events):
Event: 1.674 GC heap before
{Heap before GC invocations=1 (full 0):
 PSYoungGen      total 19456K, used 16896K [0x00000000eaa80000, 0x00000000ec000000, 0x0000000100000000)
  eden space 16896K, 100% used [0x00000000eaa80000,0x00000000ebb00000,0x00000000ebb00000)
  from space 2560K, 0% used [0x00000000ebd80000,0x00000000ebd80000,0x00000000ec000000)
  to   space 2560K, 0% used [0x00000000ebb00000,0x00000000ebb00000,0x00000000ebd80000)
 ParOldGen       total 43520K, used 0K [0x00000000c0000000, 0x00000000c2a80000, 0x00000000eaa80000)
  object space 43520K, 0% used [0x00000000c0000000,0x00000000c0000000,0x00000000c2a80000)
 PSPermGen       total 21504K, used 5537K [0x00000000bae00000, 0x00000000bc300000, 0x00000000c0000000)
  object space 21504K, 25% used [0x00000000bae00000,0x00000000bb3684b8,0x00000000bc300000)
Event: 1.687 GC heap after
Heap after GC invocations=1 (full 0):
 PSYoungGen      total 19456K, used 2551K [0x00000000eaa80000, 0x00000000ec000000, 0x0000000100000000)
  eden space 16896K, 0% used [0x00000000eaa80000,0x00000000eaa80000,0x00000000ebb00000)
  from space 2560K, 99% used [0x00000000ebb00000,0x00000000ebd7dc78,0x00000000ebd80000)
  to   space 2560K, 0% used [0x00000000ebd80000,0x00000000ebd80000,0x00000000ec000000)
 ParOldGen       total 43520K, used 1893K [0x00000000c0000000, 0x00000000c2a80000, 0x00000000eaa80000)
  object space 43520K, 4% used [0x00000000c0000000,0x00000000c01d95e0,0x00000000c2a80000)
 PSPermGen       total 21504K, used 5537K [0x00000000bae00000, 0x00000000bc300000, 0x00000000c0000000)
  object space 21504K, 25% used [0x00000000bae00000,0x00000000bb3684b8,0x00000000bc300000)
}

Deoptimization events (2 events):
Event: 1.365 Thread 0x0000000009f1e000 Uncommon trap: reason=null_check action=make_not_entrant pc=0x00000000025aeef8 method=com.android.dx.rop.code.LocalItem.equals(Ljava/lang/Object;)Z @ 1
Event: 2.342 Thread 0x0000000009e72000 Uncommon trap: reason=null_check action=make_not_entrant pc=0x00000000025e78c8 method=com.android.dx.ssa.SsaRenamer.getLocalForNewReg(I)Lcom/android/dx/rop/code/LocalItem; @ 19

Internal exceptions (10 events):
Event: 1.156 Thread 0x0000000009e76800 Threw 0x00000000eb25f548 at C:\re\jdk7u45\229\hotspot\src\share\vm\prims\jvm.cpp:1244
Event: 1.164 Thread 0x0000000009e76800 Threw 0x00000000eb4214a0 at C:\re\jdk7u45\229\hotspot\src\share\vm\prims\jvm.cpp:1244
Event: 1.166 Thread 0x0000000009e76800 Threw 0x00000000eb427268 at C:\re\jdk7u45\229\hotspot\src\share\vm\prims\jvm.cpp:1244
Event: 1.212 Thread 0x000000000222e000 Threw 0x00000000eb47de40 at C:\re\jdk7u45\229\hotspot\src\share\vm\prims\jvm.cpp:1244
Event: 1.212 Thread 0x000000000222e000 Threw 0x00000000eb4801b0 at C:\re\jdk7u45\229\hotspot\src\share\vm\prims\jvm.cpp:1244
Event: 1.365 Thread 0x0000000009f1e000 Implicit null exception at 0x00000000025aeb9f to 0x00000000025aeee5
Event: 1.469 Thread 0x0000000009e72000 Threw 0x00000000eb77f3f0 at C:\re\jdk7u45\229\hotspot\src\share\vm\prims\jvm.cpp:1244
Event: 2.288 Thread 0x000000000222e000 Threw 0x00000000eb3ae2b0 at C:\re\jdk7u45\229\hotspot\src\share\vm\prims\jvm.cpp:1244
Event: 2.342 Thread 0x0000000009e72000 Implicit null exception at 0x00000000025e66cd to 0x00000000025e789d
Event: 2.358 Thread 0x000000000222e000 Threw 0x00000000eb6b4648 at C:\re\jdk7u45\229\hotspot\src\share\vm\prims\jvm.cpp:1244

Events (10 events):
Event: 1.569 loading class 0x00000000024a9b40 done
Event: 1.664 Executing VM operation: ParallelGCFailedAllocation
Event: 1.687 Executing VM operation: ParallelGCFailedAllocation done
Event: 2.288 loading class 0x000000000840fe60
Event: 2.288 loading class 0x000000000840fe60 done
Event: 2.342 Thread 0x0000000009e72000 Uncommon trap: trap_request=0xfffffff4 fr.pc=0x00000000025e78c8
Event: 2.342 Thread 0x0000000009e72000 DEOPT PACKING pc=0x00000000025e78c8 sp=0x000000000a22e780
Event: 2.342 Thread 0x0000000009e72000 DEOPT UNPACKING pc=0x00000000025675a4 sp=0x000000000a22e518 mode 2
Event: 2.358 loading class 0x0000000008406b70
Event: 2.358 loading class 0x0000000008406b70 done


Dynamic libraries:
0x00007ff742130000 - 0x00007ff742163000 	C:\Program Files\Java\jdk1.7.0_45\bin\java.exe
0x00007ffd994e0000 - 0x00007ffd996a1000 	C:\WINDOWS\SYSTEM32\ntdll.dll
0x00007ffd96b60000 - 0x00007ffd96c0d000 	C:\WINDOWS\system32\KERNEL32.DLL
0x00007ffd96560000 - 0x00007ffd96748000 	C:\WINDOWS\system32\KERNELBASE.dll
0x00007ffd97080000 - 0x00007ffd97127000 	C:\WINDOWS\system32\ADVAPI32.dll
0x00007ffd96fe0000 - 0x00007ffd9707d000 	C:\WINDOWS\system32\msvcrt.dll
0x00007ffd969a0000 - 0x00007ffd969fb000 	C:\WINDOWS\system32\sechost.dll
0x00007ffd96a40000 - 0x00007ffd96b5c000 	C:\WINDOWS\system32\RPCRT4.dll
0x00007ffd971a0000 - 0x00007ffd972f6000 	C:\WINDOWS\system32\USER32.dll
0x00007ffd98af0000 - 0x00007ffd98c76000 	C:\WINDOWS\system32\GDI32.dll
0x00007ffd93690000 - 0x00007ffd93904000 	C:\WINDOWS\WinSxS\amd64_microsoft.windows.common-controls_6595b64144ccf1df_6.0.10586.589_none_a2ddb3caa539acce\COMCTL32.dll
0x00007ffd96d60000 - 0x00007ffd96fdd000 	C:\WINDOWS\system32\combase.dll
0x00007ffd96290000 - 0x00007ffd962fa000 	C:\WINDOWS\system32\bcryptPrimitives.dll
0x00007ffd96a00000 - 0x00007ffd96a3b000 	C:\WINDOWS\system32\IMM32.DLL
0x000000006efb0000 - 0x000000006f082000 	C:\Program Files\Java\jdk1.7.0_45\jre\bin\msvcr100.dll
0x000000006f440000 - 0x000000006fc09000 	C:\Program Files\Java\jdk1.7.0_45\jre\bin\server\jvm.dll
0x00007ffd968e0000 - 0x00007ffd968e8000 	C:\WINDOWS\system32\PSAPI.DLL
0x00007ffd90c10000 - 0x00007ffd90c19000 	C:\WINDOWS\SYSTEM32\WSOCK32.dll
0x00007ffd97130000 - 0x00007ffd9719b000 	C:\WINDOWS\system32\WS2_32.dll
0x00007ffd93ed0000 - 0x00007ffd93ef3000 	C:\WINDOWS\SYSTEM32\WINMM.dll
0x00007ffd939c0000 - 0x00007ffd939ec000 	C:\WINDOWS\SYSTEM32\WINMMBASE.dll
0x00007ffd96750000 - 0x00007ffd96793000 	C:\WINDOWS\system32\cfgmgr32.dll
0x000000006f430000 - 0x000000006f43f000 	C:\Program Files\Java\jdk1.7.0_45\jre\bin\verify.dll
0x000000006f400000 - 0x000000006f428000 	C:\Program Files\Java\jdk1.7.0_45\jre\bin\java.dll
0x000000006f3e0000 - 0x000000006f3f5000 	C:\Program Files\Java\jdk1.7.0_45\jre\bin\zip.dll
0x000000006f3c0000 - 0x000000006f3d9000 	C:\Program Files\Java\jdk1.7.0_45\jre\bin\net.dll
0x00007ffd953d0000 - 0x00007ffd9542c000 	C:\WINDOWS\system32\mswsock.dll
0x000000006f3a0000 - 0x000000006f3b1000 	C:\Program Files\Java\jdk1.7.0_45\jre\bin\nio.dll

VM Arguments:
jvm_args: -Xmx1024M -Dfile.encoding=windows-1252 -Duser.country=IN -Duser.language=en -Duser.variant 
java_command: com.android.dx.command.Main --dex --num-threads=4 --output C:\Users\HarshVardhan\AndroidStudioProjects\MagicalHangouts\app\build\intermediates\pre-dexed\debug\classes-61b69aacba067814fbf8dbc3b05306943163cd32.jar C:\Users\HarshVardhan\AndroidStudioProjects\MagicalHangouts\app\build\intermediates\exploded-aar\com.android.support\support-v4\23.1.0\jars\classes.jar
Launcher Type: SUN_STANDARD

Environment Variables:
JAVA_HOME=C:\Program Files\Java\jdk1.7.0_45
PATH=C:\ProgramData\Oracle\Java\javapath;C:\WINDOWS\system32;C:\WINDOWS;C:\WINDOWS\System32\Wbem;C:\WINDOWS\System32\WindowsPowerShell\v1.0\;C:\Program Files\Java\jdk1.7.0_45\bin;C:\Program Files\Microsoft SQL Server\110\Tools\Binn\;C:\WINDOWS\idmu\common;c:\Program Files (x86)\Microsoft SQL Server\110\Tools\Binn\;c:\Program Files (x86)\Microsoft SQL Server\110\DTS\Binn\;C:\phantomjs\phantomjs-2.1.1-windows\bin;C:\casperjs\casperjs-1.1.1\bin;C:\Python27;C:\Python27\Scripts;C:\WINDOWS\system32\config\systemprofile\.dnx\bin;C:\Program Files\Microsoft DNX\Dnvm\;C:\Program Files\Microsoft SQL Server\130\Tools\Binn\;C:\Program Files (x86)\CMake\bin;C:\Program Files (x86)\Windows Kits\8.1\Windows Performance Toolkit\;C:\ProgramData\Oracle\Java\javapath;C:\WINDOWS\system32;C:\WINDOWS;C:\WINDOWS\System32\Wbem;C:\WINDOWS\System32\WindowsPowerShell\v1.0\;C:\Program Files\Java\jdk1.7.0_45\bin;C:\Program Files\Microsoft SQL Server\110\Tools\Binn\;C:\WINDOWS\idmu\common;c:\Program Files (x86)\Microsoft SQL Server\110\Tools\Binn\;c:\Program Files (x86)\Microsoft SQL Server\110\DTS\Binn\;C:\phantomjs\phantomjs-2.1.1-windows\bin;C:\casperjs\casperjs-1.1.1\bin;C:\WINDOWS\system32\config\systemprofile\.dnx\bin;C:\Program Files\Microsoft DNX\Dnvm\;C:\Program Files\Microsoft SQL Server\130\Tools\Binn\;C:\Python34\Scripts
USERNAME=RiyaSharma
OS=Windows_NT
PROCESSOR_IDENTIFIER=Intel64 Family 6 Model 42 Stepping 7, GenuineIntel



---------------  S Y S T E M  ---------------

OS: Windows 8 , 64 bit Build 9200 

CPU:total 4 (2 cores per cpu, 2 threads per core) family 6 model 42 stepping 7, cmov, cx8, fxsr, mmx, sse, sse2, sse3, ssse3, sse4.1, sse4.2, popcnt, avx, aes, ht, tsc, tscinvbit

Memory: 4k page, physical 4175724k(594432k free), swap 5614444k(5656k free)

vm_info: Java HotSpot(TM) 64-Bit Server VM (24.45-b08) for windows-amd64 JRE (1.7.0_45-b18), built on Oct  8 2013 05:47:22 by "java_re" with unknown MS VC++:1600

time: Fri Sep 23 01:32:20 2016
elapsed time: 2 seconds

