#
# There is insufficient memory for the Java Runtime Environment to continue.
# Native memory allocation (malloc) failed to allocate 710656 bytes for Chunk::new
# Possible reasons:
#   The system is out of physical RAM or swap space
#   In 32 bit mode, the process size limit was hit
# Possible solutions:
#   Reduce memory load on the system
#   Increase physical memory or swap space
#   Check if swap backing store is full
#   Use 64 bit Java on a 64 bit OS
#   Decrease Java heap size (-Xmx/-Xms)
#   Decrease number of Java threads
#   Decrease Java thread stack sizes (-Xss)
#   Set larger code cache with -XX:ReservedCodeCacheSize=
# This output file may be truncated or incomplete.
#
#  Out of Memory Error (allocation.cpp:323), pid=7724, tid=5796
#
# JRE version: Java(TM) SE Runtime Environment (7.0_45-b18) (build 1.7.0_45-b18)
# Java VM: Java HotSpot(TM) 64-Bit Server VM (24.45-b08 mixed mode windows-amd64 compressed oops)
# Failed to write core dump. Minidumps are not enabled by default on client versions of Windows
#

---------------  T H R E A D  ---------------

Current thread (0x0000000008dbd800):  JavaThread "C2 CompilerThread1" daemon [_thread_in_native, id=5796, stack(0x000000000a450000,0x000000000a550000)]

Stack: [0x000000000a450000,0x000000000a550000]

Current CompileTask:
C2:  12901  724             com.android.dx.dex.file.DebugInfoEncoder::emitHeader (530 bytes)


---------------  P R O C E S S  ---------------

Java Threads: ( => current thread )
  0x0000000008dd8800 JavaThread "Service Thread" daemon [_thread_blocked, id=3520, stack(0x000000000a550000,0x000000000a650000)]
=>0x0000000008dbd800 JavaThread "C2 CompilerThread1" daemon [_thread_in_native, id=5796, stack(0x000000000a450000,0x000000000a550000)]
  0x0000000008dbc000 JavaThread "C2 CompilerThread0" daemon [_thread_in_native, id=2484, stack(0x000000000a350000,0x000000000a450000)]
  0x0000000008dbb000 JavaThread "Attach Listener" daemon [_thread_blocked, id=1848, stack(0x000000000a250000,0x000000000a350000)]
  0x0000000008db7800 JavaThread "Signal Dispatcher" daemon [_thread_blocked, id=8740, stack(0x000000000a150000,0x000000000a250000)]
  0x0000000008d8f800 JavaThread "Finalizer" daemon [_thread_blocked, id=6740, stack(0x000000000a050000,0x000000000a150000)]
  0x0000000008d84000 JavaThread "Reference Handler" daemon [_thread_blocked, id=2972, stack(0x0000000009f50000,0x000000000a050000)]
  0x0000000002dde000 JavaThread "main" [_thread_in_Java, id=6044, stack(0x0000000002c90000,0x0000000002d90000)]

Other Threads:
  0x0000000008d81000 VMThread [stack: 0x0000000009e50000,0x0000000009f50000] [id=2772]
  0x0000000008de2800 WatcherThread [stack: 0x000000000a650000,0x000000000a750000] [id=5776]

VM state:not at safepoint (normal execution)

VM Mutex/Monitor currently owned by a thread: None

Heap
 PSYoungGen      total 36352K, used 14571K [0x00000000eaa80000, 0x00000000ed080000, 0x0000000100000000)
  eden space 33792K, 43% used [0x00000000eaa80000,0x00000000eb8baf40,0x00000000ecb80000)
  from space 2560K, 0% used [0x00000000ece00000,0x00000000ece00000,0x00000000ed080000)
  to   space 2560K, 0% used [0x00000000ecb80000,0x00000000ecb80000,0x00000000ece00000)
 ParOldGen       total 43520K, used 43428K [0x00000000c0000000, 0x00000000c2a80000, 0x00000000eaa80000)
  object space 43520K, 99% used [0x00000000c0000000,0x00000000c2a69268,0x00000000c2a80000)
 PSPermGen       total 21504K, used 6129K [0x00000000bae00000, 0x00000000bc300000, 0x00000000c0000000)
  object space 21504K, 28% used [0x00000000bae00000,0x00000000bb3fc658,0x00000000bc300000)

Card table byte_map: [0x0000000005fa0000,0x00000000061d0000] byte_map_base: 0x00000000059c9000

Polling page: 0x0000000002d90000

Code Cache  [0x0000000002ee0000, 0x0000000003150000, 0x0000000005ee0000)
 total_blobs=956 nmethods=718 adapters=190 free_code_cache=46754Kb largest_free_block=47840640

Compilation events (10 events):
Event: 12.848 Thread 0x0000000008dbc000 nmethod 730 0x000000000313e710 code [0x000000000313e940, 0x000000000313f448]
Event: 12.849 Thread 0x0000000008dbc000  731             com.android.dx.dex.code.PositionList$Entry::getPosition (5 bytes)
Event: 12.849 Thread 0x0000000008dbc000 nmethod 731 0x0000000003137bd0 code [0x0000000003137d00, 0x0000000003137d58]
Event: 12.849 Thread 0x0000000008dbc000  732             com.android.dx.dex.file.DebugInfoEncoder::buildSortedPositions (68 bytes)
Event: 12.878 Thread 0x0000000008dbc000 nmethod 732 0x000000000313a290 code [0x000000000313a440, 0x000000000313a948]
Event: 12.878 Thread 0x0000000008dbc000  733             com.android.dx.rop.code.LocalItem::getSignature (5 bytes)
Event: 12.878 Thread 0x0000000008dbc000 nmethod 733 0x0000000003137990 code [0x0000000003137ac0, 0x0000000003137b18]
Event: 12.878 Thread 0x0000000008dbc000  734             com.android.dx.util.ByteArrayAnnotatedOutput::getCursor (5 bytes)
Event: 12.878 Thread 0x0000000008dbc000 nmethod 734 0x000000000313b190 code [0x000000000313b2c0, 0x000000000313b318]
Event: 12.879 Thread 0x0000000008dbc000  735             com.android.dx.dex.file.DebugInfoEncoder::convert0 (246 bytes)

GC Heap History (10 events):
Event: 7.556 GC heap before
{Heap before GC invocations=9 (full 0):
 PSYoungGen      total 36352K, used 36327K [0x00000000eaa80000, 0x00000000ed080000, 0x0000000100000000)
  eden space 33792K, 100% used [0x00000000eaa80000,0x00000000ecb80000,0x00000000ecb80000)
  from space 2560K, 99% used [0x00000000ece00000,0x00000000ed079de8,0x00000000ed080000)
  to   space 2560K, 0% used [0x00000000ecb80000,0x00000000ecb80000,0x00000000ece00000)
 ParOldGen       total 43520K, used 33217K [0x00000000c0000000, 0x00000000c2a80000, 0x00000000eaa80000)
  object space 43520K, 76% used [0x00000000c0000000,0x00000000c2070640,0x00000000c2a80000)
 PSPermGen       total 21504K, used 5851K [0x00000000bae00000, 0x00000000bc300000, 0x00000000c0000000)
  object space 21504K, 27% used [0x00000000bae00000,0x00000000bb3b6fa0,0x00000000bc300000)
Event: 7.697 GC heap after
Heap after GC invocations=9 (full 0):
 PSYoungGen      total 36352K, used 2539K [0x00000000eaa80000, 0x00000000ed080000, 0x0000000100000000)
  eden space 33792K, 0% used [0x00000000eaa80000,0x00000000eaa80000,0x00000000ecb80000)
  from space 2560K, 99% used [0x00000000ecb80000,0x00000000ecdfac50,0x00000000ece00000)
  to   space 2560K, 0% used [0x00000000ece00000,0x00000000ece00000,0x00000000ed080000)
 ParOldGen       total 43520K, used 38692K [0x00000000c0000000, 0x00000000c2a80000, 0x00000000eaa80000)
  object space 43520K, 88% used [0x00000000c0000000,0x00000000c25c9230,0x00000000c2a80000)
 PSPermGen       total 21504K, used 5851K [0x00000000bae00000, 0x00000000bc300000, 0x00000000c0000000)
  object space 21504K, 27% used [0x00000000bae00000,0x00000000bb3b6fa0,0x00000000bc300000)
}
Event: 7.697 GC heap before
{Heap before GC invocations=10 (full 1):
 PSYoungGen      total 36352K, used 2539K [0x00000000eaa80000, 0x00000000ed080000, 0x0000000100000000)
  eden space 33792K, 0% used [0x00000000eaa80000,0x00000000eaa80000,0x00000000ecb80000)
  from space 2560K, 99% used [0x00000000ecb80000,0x00000000ecdfac50,0x00000000ece00000)
  to   space 2560K, 0% used [0x00000000ece00000,0x00000000ece00000,0x00000000ed080000)
 ParOldGen       total 43520K, used 38692K [0x00000000c0000000, 0x00000000c2a80000, 0x00000000eaa80000)
  object space 43520K, 88% used [0x00000000c0000000,0x00000000c25c9230,0x00000000c2a80000)
 PSPermGen       total 21504K, used 5851K [0x00000000bae00000, 0x00000000bc300000, 0x00000000c0000000)
  object space 21504K, 27% used [0x00000000bae00000,0x00000000bb3b6fa0,0x00000000bc300000)
Event: 8.860 GC heap after
Heap after GC invocations=10 (full 1):
 PSYoungGen      total 36352K, used 0K [0x00000000eaa80000, 0x00000000ed080000, 0x0000000100000000)
  eden space 33792K, 0% used [0x00000000eaa80000,0x00000000eaa80000,0x00000000ecb80000)
  from space 2560K, 0% used [0x00000000ecb80000,0x00000000ecb80000,0x00000000ece00000)
  to   space 2560K, 0% used [0x00000000ece00000,0x00000000ece00000,0x00000000ed080000)
 ParOldGen       total 43520K, used 34350K [0x00000000c0000000, 0x00000000c2a80000, 0x00000000eaa80000)
  object space 43520K, 78% used [0x00000000c0000000,0x00000000c218b848,0x00000000c2a80000)
 PSPermGen       total 21504K, used 5846K [0x00000000bae00000, 0x00000000bc300000, 0x00000000c0000000)
  object space 21504K, 27% used [0x00000000bae00000,0x00000000bb3b5a80,0x00000000bc300000)
}
Event: 9.038 GC heap before
{Heap before GC invocations=11 (full 1):
 PSYoungGen      total 36352K, used 33792K [0x00000000eaa80000, 0x00000000ed080000, 0x0000000100000000)
  eden space 33792K, 100% used [0x00000000eaa80000,0x00000000ecb80000,0x00000000ecb80000)
  from space 2560K, 0% used [0x00000000ecb80000,0x00000000ecb80000,0x00000000ece00000)
  to   space 2560K, 0% used [0x00000000ece00000,0x00000000ece00000,0x00000000ed080000)
 ParOldGen       total 43520K, used 34350K [0x00000000c0000000, 0x00000000c2a80000, 0x00000000eaa80000)
  object space 43520K, 78% used [0x00000000c0000000,0x00000000c218b848,0x00000000c2a80000)
 PSPermGen       total 21504K, used 5851K [0x00000000bae00000, 0x00000000bc300000, 0x00000000c0000000)
  object space 21504K, 27% used [0x00000000bae00000,0x00000000bb3b6f18,0x00000000bc300000)
Event: 9.047 GC heap after
Heap after GC invocations=11 (full 1):
 PSYoungGen      total 36352K, used 2546K [0x00000000eaa80000, 0x00000000ed080000, 0x0000000100000000)
  eden space 33792K, 0% used [0x00000000eaa80000,0x00000000eaa80000,0x00000000ecb80000)
  from space 2560K, 99% used [0x00000000ece00000,0x00000000ed07c948,0x00000000ed080000)
  to   space 2560K, 0% used [0x00000000ecb80000,0x00000000ecb80000,0x00000000ece00000)
 ParOldGen       total 43520K, used 37173K [0x00000000c0000000, 0x00000000c2a80000, 0x00000000eaa80000)
  object space 43520K, 85% used [0x00000000c0000000,0x00000000c244d590,0x00000000c2a80000)
 PSPermGen       total 21504K, used 5851K [0x00000000bae00000, 0x00000000bc300000, 0x00000000c0000000)
  object space 21504K, 27% used [0x00000000bae00000,0x00000000bb3b6f18,0x00000000bc300000)
}
Event: 9.047 GC heap before
{Heap before GC invocations=12 (full 2):
 PSYoungGen      total 36352K, used 2546K [0x00000000eaa80000, 0x00000000ed080000, 0x0000000100000000)
  eden space 33792K, 0% used [0x00000000eaa80000,0x00000000eaa80000,0x00000000ecb80000)
  from space 2560K, 99% used [0x00000000ece00000,0x00000000ed07c948,0x00000000ed080000)
  to   space 2560K, 0% used [0x00000000ecb80000,0x00000000ecb80000,0x00000000ece00000)
 ParOldGen       total 43520K, used 37173K [0x00000000c0000000, 0x00000000c2a80000, 0x00000000eaa80000)
  object space 43520K, 85% used [0x00000000c0000000,0x00000000c244d590,0x00000000c2a80000)
 PSPermGen       total 21504K, used 5851K [0x00000000bae00000, 0x00000000bc300000, 0x00000000c0000000)
  object space 21504K, 27% used [0x00000000bae00000,0x00000000bb3b6f18,0x00000000bc300000)
Event: 9.708 GC heap after
Heap after GC invocations=12 (full 2):
 PSYoungGen      total 36352K, used 0K [0x00000000eaa80000, 0x00000000ed080000, 0x0000000100000000)
  eden space 33792K, 0% used [0x00000000eaa80000,0x00000000eaa80000,0x00000000ecb80000)
  from space 2560K, 0% used [0x00000000ece00000,0x00000000ece00000,0x00000000ed080000)
  to   space 2560K, 0% used [0x00000000ecb80000,0x00000000ecb80000,0x00000000ece00000)
 ParOldGen       total 43520K, used 38651K [0x00000000c0000000, 0x00000000c2a80000, 0x00000000eaa80000)
  object space 43520K, 88% used [0x00000000c0000000,0x00000000c25becd8,0x00000000c2a80000)
 PSPermGen       total 21504K, used 5851K [0x00000000bae00000, 0x00000000bc300000, 0x00000000c0000000)
  object space 21504K, 27% used [0x00000000bae00000,0x00000000bb3b6ef8,0x00000000bc300000)
}
Event: 10.099 GC heap before
{Heap before GC invocations=13 (full 3):
 PSYoungGen      total 36352K, used 33792K [0x00000000eaa80000, 0x00000000ed080000, 0x0000000100000000)
  eden space 33792K, 100% used [0x00000000eaa80000,0x00000000ecb80000,0x00000000ecb80000)
  from space 2560K, 0% used [0x00000000ece00000,0x00000000ece00000,0x00000000ed080000)
  to   space 2560K, 0% used [0x00000000ecb80000,0x00000000ecb80000,0x00000000ece00000)
 ParOldGen       total 43520K, used 38651K [0x00000000c0000000, 0x00000000c2a80000, 0x00000000eaa80000)
  object space 43520K, 88% used [0x00000000c0000000,0x00000000c25becd8,0x00000000c2a80000)
 PSPermGen       total 21504K, used 5941K [0x00000000bae00000, 0x00000000bc300000, 0x00000000c0000000)
  object space 21504K, 27% used [0x00000000bae00000,0x00000000bb3cd630,0x00000000bc300000)
Event: 11.857 GC heap after
Heap after GC invocations=13 (full 3):
 PSYoungGen      total 36352K, used 0K [0x00000000eaa80000, 0x00000000ed080000, 0x0000000100000000)
  eden space 33792K, 0% used [0x00000000eaa80000,0x00000000eaa80000,0x00000000ecb80000)
  from space 2560K, 0% used [0x00000000ece00000,0x00000000ece00000,0x00000000ed080000)
  to   space 2560K, 0% used [0x00000000ecb80000,0x00000000ecb80000,0x00000000ece00000)
 ParOldGen       total 43520K, used 43428K [0x00000000c0000000, 0x00000000c2a80000, 0x00000000eaa80000)
  object space 43520K, 99% used [0x00000000c0000000,0x00000000c2a69268,0x00000000c2a80000)
 PSPermGen       total 21504K, used 5941K [0x00000000bae00000, 0x00000000bc300000, 0x00000000c0000000)
  object space 21504K, 27% used [0x00000000bae00000,0x00000000bb3cd5c0,0x00000000bc300000)
}

Deoptimization events (10 events):
Event: 12.156 Thread 0x0000000002dde000 Uncommon trap: reason=predicate action=maybe_recompile pc=0x000000000305f668 method=java.util.ComparableTimSort.binarySort([Ljava/lang/Object;III)V @ 37
Event: 12.156 Thread 0x0000000002dde000 Uncommon trap: reason=class_check action=maybe_recompile pc=0x000000000301f3c4 method=com.android.dx.dex.code.OutputFinisher.massageInstructions([Lcom/android/dx/dex/code/Dop;)V @ 63
Event: 12.164 Thread 0x0000000002dde000 Uncommon trap: reason=null_check action=make_not_entrant pc=0x0000000003019048 method=com.android.dx.dex.code.LocalList$MakeState.finish()Lcom/android/dx/dex/code/LocalList; @ 81
Event: 12.209 Thread 0x0000000002dde000 Uncommon trap: reason=class_check action=maybe_recompile pc=0x000000000301f3c4 method=com.android.dx.dex.code.OutputFinisher.massageInstructions([Lcom/android/dx/dex/code/Dop;)V @ 63
Event: 12.219 Thread 0x0000000002dde000 Uncommon trap: reason=class_check action=maybe_recompile pc=0x000000000301f3c4 method=com.android.dx.dex.code.OutputFinisher.massageInstructions([Lcom/android/dx/dex/code/Dop;)V @ 63
Event: 12.232 Thread 0x0000000002dde000 Uncommon trap: reason=class_check action=maybe_recompile pc=0x000000000301f3c4 method=com.android.dx.dex.code.OutputFinisher.massageInstructions([Lcom/android/dx/dex/code/Dop;)V @ 63
Event: 12.318 Thread 0x0000000002dde000 Uncommon trap: reason=array_check action=maybe_recompile pc=0x00000000030168d0 method=java.util.ComparableTimSort.binarySort([Ljava/lang/Object;III)V @ 193
Event: 12.384 Thread 0x0000000002dde000 Uncommon trap: reason=array_check action=maybe_recompile pc=0x00000000030168d0 method=java.util.ComparableTimSort.binarySort([Ljava/lang/Object;III)V @ 193
Event: 12.384 Thread 0x0000000002dde000 Uncommon trap: reason=array_check action=maybe_recompile pc=0x00000000030168d0 method=java.util.ComparableTimSort.binarySort([Ljava/lang/Object;III)V @ 193
Event: 12.389 Thread 0x0000000002dde000 Uncommon trap: reason=array_check action=maybe_recompile pc=0x00000000030168d0 method=java.util.ComparableTimSort.binarySort([Ljava/lang/Object;III)V @ 193

Internal exceptions (10 events):
Event: 11.949 Thread 0x0000000002dde000 Threw 0x00000000eab65c38 at C:\re\jdk7u45\229\hotspot\src\share\vm\prims\jvm.cpp:1244
Event: 11.949 Thread 0x0000000002dde000 Threw 0x00000000eab6a268 at C:\re\jdk7u45\229\hotspot\src\share\vm\prims\jvm.cpp:1244
Event: 11.957 Thread 0x0000000002dde000 Threw 0x00000000eab7b118 at C:\re\jdk7u45\229\hotspot\src\share\vm\prims\jvm.cpp:1244
Event: 11.957 Thread 0x0000000002dde000 Threw 0x00000000eab7e078 at C:\re\jdk7u45\229\hotspot\src\share\vm\prims\jvm.cpp:1244
Event: 11.958 Thread 0x0000000002dde000 Threw 0x00000000eab81160 at C:\re\jdk7u45\229\hotspot\src\share\vm\prims\jvm.cpp:1244
Event: 11.964 Thread 0x0000000002dde000 Threw 0x00000000eab91ac0 at C:\re\jdk7u45\229\hotspot\src\share\vm\prims\jvm.cpp:1244
Event: 12.164 Thread 0x0000000002dde000 Implicit null exception at 0x0000000003018778 to 0x000000000301903d
Event: 12.642 Thread 0x0000000002dde000 Threw 0x00000000eb4a1810 at C:\re\jdk7u45\229\hotspot\src\share\vm\prims\jvm.cpp:1244
Event: 12.644 Thread 0x0000000002dde000 Threw 0x00000000eb4b0c80 at C:\re\jdk7u45\229\hotspot\src\share\vm\prims\jvm.cpp:1244
Event: 12.645 Thread 0x0000000002dde000 Threw 0x00000000eb4b38c0 at C:\re\jdk7u45\229\hotspot\src\share\vm\prims\jvm.cpp:1244

Events (10 events):
Event: 12.384 Thread 0x0000000002dde000 DEOPT UNPACKING pc=0x0000000002f175a4 sp=0x0000000002d8f138 mode 2
Event: 12.389 Thread 0x0000000002dde000 Uncommon trap: trap_request=0xffffffd6 fr.pc=0x00000000030168d0
Event: 12.389 Thread 0x0000000002dde000 DEOPT PACKING pc=0x00000000030168d0 sp=0x0000000002d8f060
Event: 12.389 Thread 0x0000000002dde000 DEOPT UNPACKING pc=0x0000000002f175a4 sp=0x0000000002d8f028 mode 2
Event: 12.642 loading class 0x000000000a8c6300
Event: 12.642 loading class 0x000000000a8c6300 done
Event: 12.644 loading class 0x000000000a8c74c0
Event: 12.644 loading class 0x000000000a8c74c0 done
Event: 12.645 loading class 0x000000000a8c7380
Event: 12.645 loading class 0x000000000a8c7380 done


Dynamic libraries:
0x00007ff742130000 - 0x00007ff742163000 	C:\Program Files\Java\jdk1.7.0_45\bin\java.exe
0x00007ffd994e0000 - 0x00007ffd996a1000 	C:\WINDOWS\SYSTEM32\ntdll.dll
0x00007ffd96b60000 - 0x00007ffd96c0d000 	C:\WINDOWS\system32\KERNEL32.DLL
0x00007ffd96560000 - 0x00007ffd96748000 	C:\WINDOWS\system32\KERNELBASE.dll
0x00007ffd97080000 - 0x00007ffd97127000 	C:\WINDOWS\system32\ADVAPI32.dll
0x00007ffd96fe0000 - 0x00007ffd9707d000 	C:\WINDOWS\system32\msvcrt.dll
0x00007ffd969a0000 - 0x00007ffd969fb000 	C:\WINDOWS\system32\sechost.dll
0x00007ffd96a40000 - 0x00007ffd96b5c000 	C:\WINDOWS\system32\RPCRT4.dll
0x00007ffd971a0000 - 0x00007ffd972f6000 	C:\WINDOWS\system32\USER32.dll
0x00007ffd98af0000 - 0x00007ffd98c76000 	C:\WINDOWS\system32\GDI32.dll
0x00007ffd93690000 - 0x00007ffd93904000 	C:\WINDOWS\WinSxS\amd64_microsoft.windows.common-controls_6595b64144ccf1df_6.0.10586.589_none_a2ddb3caa539acce\COMCTL32.dll
0x00007ffd96d60000 - 0x00007ffd96fdd000 	C:\WINDOWS\system32\combase.dll
0x00007ffd96290000 - 0x00007ffd962fa000 	C:\WINDOWS\system32\bcryptPrimitives.dll
0x00007ffd96a00000 - 0x00007ffd96a3b000 	C:\WINDOWS\system32\IMM32.DLL
0x000000006efb0000 - 0x000000006f082000 	C:\Program Files\Java\jdk1.7.0_45\jre\bin\msvcr100.dll
0x000000006f440000 - 0x000000006fc09000 	C:\Program Files\Java\jdk1.7.0_45\jre\bin\server\jvm.dll
0x00007ffd968e0000 - 0x00007ffd968e8000 	C:\WINDOWS\system32\PSAPI.DLL
0x00007ffd90c10000 - 0x00007ffd90c19000 	C:\WINDOWS\SYSTEM32\WSOCK32.dll
0x00007ffd97130000 - 0x00007ffd9719b000 	C:\WINDOWS\system32\WS2_32.dll
0x00007ffd93ed0000 - 0x00007ffd93ef3000 	C:\WINDOWS\SYSTEM32\WINMM.dll
0x00007ffd939c0000 - 0x00007ffd939ec000 	C:\WINDOWS\SYSTEM32\WINMMBASE.dll
0x00007ffd96750000 - 0x00007ffd96793000 	C:\WINDOWS\system32\cfgmgr32.dll
0x000000006f430000 - 0x000000006f43f000 	C:\Program Files\Java\jdk1.7.0_45\jre\bin\verify.dll
0x000000006f400000 - 0x000000006f428000 	C:\Program Files\Java\jdk1.7.0_45\jre\bin\java.dll
0x000000006f3e0000 - 0x000000006f3f5000 	C:\Program Files\Java\jdk1.7.0_45\jre\bin\zip.dll
0x000000006f3c0000 - 0x000000006f3d9000 	C:\Program Files\Java\jdk1.7.0_45\jre\bin\net.dll
0x00007ffd953d0000 - 0x00007ffd9542c000 	C:\WINDOWS\system32\mswsock.dll
0x000000006f3a0000 - 0x000000006f3b1000 	C:\Program Files\Java\jdk1.7.0_45\jre\bin\nio.dll

VM Arguments:
jvm_args: -Xmx1024M -Dfile.encoding=windows-1252 -Duser.country=IN -Duser.language=en -Duser.variant 
java_command: com.android.dx.command.Main --dex --num-threads=4 --output C:\Users\HarshVardhan\AndroidStudioProjects\MagicalHangouts\app\build\intermediates\pre-dexed\debug\classes-e6a92ed57f1bd36cec9c1483141a97a1b12f95a7.jar C:\Users\HarshVardhan\AndroidStudioProjects\MagicalHangouts\app\build\intermediates\exploded-aar\com.android.support\appcompat-v7\23.1.0\jars\classes.jar
Launcher Type: SUN_STANDARD

Environment Variables:
JAVA_HOME=C:\Program Files\Java\jdk1.7.0_45
PATH=C:\ProgramData\Oracle\Java\javapath;C:\WINDOWS\system32;C:\WINDOWS;C:\WINDOWS\System32\Wbem;C:\WINDOWS\System32\WindowsPowerShell\v1.0\;C:\Program Files\Java\jdk1.7.0_45\bin;C:\Program Files\Microsoft SQL Server\110\Tools\Binn\;C:\WINDOWS\idmu\common;c:\Program Files (x86)\Microsoft SQL Server\110\Tools\Binn\;c:\Program Files (x86)\Microsoft SQL Server\110\DTS\Binn\;C:\phantomjs\phantomjs-2.1.1-windows\bin;C:\casperjs\casperjs-1.1.1\bin;C:\Python27;C:\Python27\Scripts;C:\WINDOWS\system32\config\systemprofile\.dnx\bin;C:\Program Files\Microsoft DNX\Dnvm\;C:\Program Files\Microsoft SQL Server\130\Tools\Binn\;C:\Program Files (x86)\CMake\bin;C:\Program Files (x86)\Windows Kits\8.1\Windows Performance Toolkit\;C:\ProgramData\Oracle\Java\javapath;C:\WINDOWS\system32;C:\WINDOWS;C:\WINDOWS\System32\Wbem;C:\WINDOWS\System32\WindowsPowerShell\v1.0\;C:\Program Files\Java\jdk1.7.0_45\bin;C:\Program Files\Microsoft SQL Server\110\Tools\Binn\;C:\WINDOWS\idmu\common;c:\Program Files (x86)\Microsoft SQL Server\110\Tools\Binn\;c:\Program Files (x86)\Microsoft SQL Server\110\DTS\Binn\;C:\phantomjs\phantomjs-2.1.1-windows\bin;C:\casperjs\casperjs-1.1.1\bin;C:\WINDOWS\system32\config\systemprofile\.dnx\bin;C:\Program Files\Microsoft DNX\Dnvm\;C:\Program Files\Microsoft SQL Server\130\Tools\Binn\;C:\Python34\Scripts
USERNAME=RiyaSharma
OS=Windows_NT
PROCESSOR_IDENTIFIER=Intel64 Family 6 Model 42 Stepping 7, GenuineIntel



---------------  S Y S T E M  ---------------

OS: Windows 8 , 64 bit Build 9200 

CPU:total 4 (2 cores per cpu, 2 threads per core) family 6 model 42 stepping 7, cmov, cx8, fxsr, mmx, sse, sse2, sse3, ssse3, sse4.1, sse4.2, popcnt, avx, aes, ht, tsc, tscinvbit

Memory: 4k page, physical 4175724k(434744k free), swap 5614444k(9604k free)

vm_info: Java HotSpot(TM) 64-Bit Server VM (24.45-b08) for windows-amd64 JRE (1.7.0_45-b18), built on Oct  8 2013 05:47:22 by "java_re" with unknown MS VC++:1600

time: Fri Sep 23 01:31:59 2016
elapsed time: 12 seconds

